#
# A fatal error has been detected by the Java Runtime Environment:
#
#  Internal Error (javaClasses.cpp:129), pid=8840, tid=6532
#  fatal error: Invalid layout of preloaded class
#
# JRE version: 7.0_21-b11
# Java VM: Java HotSpot(TM) 64-Bit Server VM (23.21-b01 mixed mode windows-amd64 compressed oops)
# Failed to write core dump. Minidumps are not enabled by default on client versions of Windows
#
# If you would like to submit a bug report, please visit:
#   http://bugreport.sun.com/bugreport/crash.jsp
#

---------------  T H R E A D  ---------------

Current thread (0x0000000002a0d000):  JavaThread "Unknown thread" [_thread_in_vm, id=6532, stack(0x0000000002d10000,0x0000000002e10000)]

Stack: [0x0000000002d10000,0x0000000002e10000]

---------------  P R O C E S S  ---------------

Java Threads: ( => current thread )

Other Threads:

=>0x0000000002a0d000 (exited) JavaThread "Unknown thread" [_thread_in_vm, id=6532, stack(0x0000000002d10000,0x0000000002e10000)]

VM state:not at safepoint (not fully initialized)

VM Mutex/Monitor currently owned by a thread: None

GC Heap History (0 events):
No events

Deoptimization events (0 events):
No events

Internal exceptions (0 events):
No events

Events (10 events):
Event: 0.008 loading class 0x000000000298ca20 done
Event: 0.008 loading class 0x00000000029428b0 done
Event: 0.008 loading class 0x0000000002942880
Event: 0.008 loading class 0x0000000002995510
Event: 0.008 loading class 0x0000000002995510 done
Event: 0.008 loading class 0x0000000002995550
Event: 0.008 loading class 0x0000000002995550 done
Event: 0.008 loading class 0x000000000bfeca90
Event: 0.008 loading class 0x000000000bfeca90 done
Event: 0.008 loading class 0x0000000002942880 done


Dynamic libraries:
0x000000013f7f0000 - 0x000000013f823000 	C:\Program Files\Java\jre7\bin\javaw.exe
0x00000000774a0000 - 0x0000000077649000 	C:\Windows\SYSTEM32\ntdll.dll
0x0000000076dc0000 - 0x0000000076edf000 	C:\Windows\system32\kernel32.dll
0x000007fefdc60000 - 0x000007fefdccb000 	C:\Windows\system32\KERNELBASE.dll
0x0000000074cb0000 - 0x0000000074d45000 	C:\Windows\System32\SYSFER.DLL
0x000007feff1e0000 - 0x000007feff2bb000 	C:\Windows\system32\ADVAPI32.dll
0x000007fefde40000 - 0x000007fefdedf000 	C:\Windows\system32\msvcrt.dll
0x000007feff5c0000 - 0x000007feff5df000 	C:\Windows\SYSTEM32\sechost.dll
0x000007fefdee0000 - 0x000007fefe00d000 	C:\Windows\system32\RPCRT4.dll
0x00000000770f0000 - 0x00000000771ea000 	C:\Windows\system32\USER32.dll
0x000007feff550000 - 0x000007feff5b7000 	C:\Windows\system32\GDI32.dll
0x000007fefe290000 - 0x000007fefe29e000 	C:\Windows\system32\LPK.dll
0x000007feff5e0000 - 0x000007feff6a9000 	C:\Windows\system32\USP10.dll
0x000007fefbb80000 - 0x000007fefbd74000 	C:\Windows\WinSxS\amd64_microsoft.windows.common-controls_6595b64144ccf1df_6.0.7601.17514_none_fa396087175ac9ac\COMCTL32.dll
0x000007feff2c0000 - 0x000007feff331000 	C:\Windows\system32\SHLWAPI.dll
0x000007fefdd30000 - 0x000007fefdd5e000 	C:\Windows\system32\IMM32.DLL
0x000007feff0d0000 - 0x000007feff1d9000 	C:\Windows\system32\MSCTF.dll
0x000007fefd8c0000 - 0x000007fefd900000 	C:\Windows\system32\nvinitx.dll
0x000000000f000000 - 0x000000000f006000 	C:\Program Files\NVIDIA Corporation\CoProcManager\_etoured.dll
0x000007fefa5b0000 - 0x000007fefa606000 	C:\Program Files\NVIDIA Corporation\CoProcManager\nvd3d9wrapx.dll
0x000007fefe010000 - 0x000007fefe1e7000 	C:\Windows\system32\SETUPAPI.dll
0x000007fefd9b0000 - 0x000007fefd9e6000 	C:\Windows\system32\CFGMGR32.dll
0x000007feff6d0000 - 0x000007feff7a7000 	C:\Windows\system32\OLEAUT32.dll
0x000007feff340000 - 0x000007feff543000 	C:\Windows\system32\ole32.dll
0x000007fefd9f0000 - 0x000007fefda0a000 	C:\Windows\system32\DEVOBJ.dll
0x000007fefa570000 - 0x000007fefa5ad000 	C:\Program Files\NVIDIA Corporation\CoProcManager\nvdxgiwrapx.dll
0x0000000010000000 - 0x000000001004c000 	C:\Windows\system32\AMINIT64.DLL
0x0000000068cd0000 - 0x0000000068da1000 	C:\Program Files\Java\jre7\bin\msvcr100.dll
0x0000000052900000 - 0x0000000053021000 	C:\Program Files\Java\jre7\bin\server\jvm.dll
0x000007fef80c0000 - 0x000007fef80c9000 	C:\Windows\system32\WSOCK32.dll
0x000007fefdcd0000 - 0x000007fefdd1d000 	C:\Windows\system32\WS2_32.dll
0x000007fefdd20000 - 0x000007fefdd28000 	C:\Windows\system32\NSI.dll
0x000007fefb3e0000 - 0x000007fefb41b000 	C:\Windows\system32\WINMM.dll
0x0000000077670000 - 0x0000000077677000 	C:\Windows\system32\PSAPI.DLL
0x0000000068cc0000 - 0x0000000068ccf000 	C:\Program Files\Java\jre7\bin\verify.dll
0x0000000068c90000 - 0x0000000068cb8000 	C:\Program Files\Java\jre7\bin\java.dll
0x0000000068c70000 - 0x0000000068c85000 	C:\Program Files\Java\jre7\bin\zip.dll

VM Arguments:
jvm_args: -Dfile.encoding=Cp1252 -Xbootclasspath:C:\Android SDK\sdk\platforms\android-17\android.jar 
java_command: pp.generatordatacreator.DataCreator
Launcher Type: SUN_STANDARD

Environment Variables:
PATH=C:\Windows\system32;C:\Windows;C:\Windows\System32\Wbem;C:\Windows\System32\WindowsPowerShell\v1.0\;C:\Program Files (x86)\Common Files\Roxio Shared\DLLShared\;C:\Program Files (x86)\Common Files\Roxio Shared\10.0\DLLShared\;C:\Program Files (x86)\Voltage Security\Voltage SecureMail\;C:\Program Files (x86)\Common Files\Voltage Security\;C:\Program Files\Voltage Security\Voltage SecureMail\;C:\Program Files\Common Files\Voltage Security\;C:\Program Files (x86)\Common Files\Check Point\UIFramework 3.0\Bin\;C:\Program Files (x86)\CheckPoint\Endpoint Security\Endpoint Common\bin;C:\Program Files (x86)\Microsoft SQL Server\100\Tools\Binn\;C:\Program Files\Microsoft SQL Server\100\Tools\Binn\;C:\Program Files\Microsoft SQL Server\100\DTS\Binn\;C:\Program Files\Microsoft\Web Platform Installer\;C:\Program Files (x86)\Microsoft ASP.NET\ASP.NET Web Pages\v1.0\;C:\Program Files (x86)\Windows Kits\8.0\Windows Performance Toolkit\;C:\Program Files\Microsoft SQL Server\110\Tools\Binn\;C:\Program Files (x86)\Microsoft SQL Server\100\Tools\Binn\VSShell\Common7\IDE\;C:\Program Files (x86)\Microsoft SQL Server\100\DTS\Binn\;C:\Program Files (x86)\Microsoft Visual Studio 9.0\Common7\IDE\PrivateAssemblies\;C:\Program Files\TortoiseSVN\bin;C:\Program Files\Gallio\bin
USERNAME=PaulPa
OS=Windows_NT
PROCESSOR_IDENTIFIER=Intel64 Family 6 Model 58 Stepping 9, GenuineIntel



---------------  S Y S T E M  ---------------

OS: Windows 7 , 64 bit Build 7601 Service Pack 1

CPU:total 8 (4 cores per cpu, 2 threads per core) family 6 model 58 stepping 9, cmov, cx8, fxsr, mmx, sse, sse2, sse3, ssse3, sse4.1, sse4.2, popcnt, avx, ht, tsc, tscinvbit, tscinv

Memory: 4k page, physical 8258940k(4552432k free), swap 16516020k(11845628k free)

vm_info: Java HotSpot(TM) 64-Bit Server VM (23.21-b01) for windows-amd64 JRE (1.7.0_21-b11), built on Apr  4 2013 08:11:28 by "java_re" with unknown MS VC++:1600

time: Mon May 20 20:13:35 2013
elapsed time: 0 seconds

